  main.c
f:\c프로젝트\db연동 2048\dd\main.c(120): warning C4996: 'strcpy': This function or variable may be unsafe. Consider using strcpy_s instead. To disable deprecation, use _CRT_SECURE_NO_WARNINGS. See online help for details.
  c:\program files (x86)\windows kits\10\include\10.0.14393.0\ucrt\string.h(129): note: 'strcpy' 선언을 참조하십시오.
f:\c프로젝트\db연동 2048\dd\main.c(121): warning C4996: 'strcpy': This function or variable may be unsafe. Consider using strcpy_s instead. To disable deprecation, use _CRT_SECURE_NO_WARNINGS. See online help for details.
  c:\program files (x86)\windows kits\10\include\10.0.14393.0\ucrt\string.h(129): note: 'strcpy' 선언을 참조하십시오.
f:\c프로젝트\db연동 2048\dd\main.c(137): warning C4996: 'sprintf': This function or variable may be unsafe. Consider using sprintf_s instead. To disable deprecation, use _CRT_SECURE_NO_WARNINGS. See online help for details.
  c:\program files (x86)\windows kits\10\include\10.0.14393.0\ucrt\stdio.h(1769): note: 'sprintf' 선언을 참조하십시오.
f:\c프로젝트\db연동 2048\dd\main.c(146): warning C4996: 'sprintf': This function or variable may be unsafe. Consider using sprintf_s instead. To disable deprecation, use _CRT_SECURE_NO_WARNINGS. See online help for details.
  c:\program files (x86)\windows kits\10\include\10.0.14393.0\ucrt\stdio.h(1769): note: 'sprintf' 선언을 참조하십시오.
f:\c프로젝트\db연동 2048\dd\main.c(163): warning C4996: 'getch': The POSIX name for this item is deprecated. Instead, use the ISO C and C++ conformant name: _getch. See online help for details.
  c:\program files (x86)\windows kits\10\include\10.0.14393.0\ucrt\conio.h(452): note: 'getch' 선언을 참조하십시오.
f:\c프로젝트\db연동 2048\dd\main.c(168): warning C4996: 'sprintf': This function or variable may be unsafe. Consider using sprintf_s instead. To disable deprecation, use _CRT_SECURE_NO_WARNINGS. See online help for details.
  c:\program files (x86)\windows kits\10\include\10.0.14393.0\ucrt\stdio.h(1769): note: 'sprintf' 선언을 참조하십시오.
f:\c프로젝트\db연동 2048\dd\main.c(171): warning C4996: 'sprintf': This function or variable may be unsafe. Consider using sprintf_s instead. To disable deprecation, use _CRT_SECURE_NO_WARNINGS. See online help for details.
  c:\program files (x86)\windows kits\10\include\10.0.14393.0\ucrt\stdio.h(1769): note: 'sprintf' 선언을 참조하십시오.
f:\c프로젝트\db연동 2048\dd\main.c(175): warning C4996: 'sprintf': This function or variable may be unsafe. Consider using sprintf_s instead. To disable deprecation, use _CRT_SECURE_NO_WARNINGS. See online help for details.
  c:\program files (x86)\windows kits\10\include\10.0.14393.0\ucrt\stdio.h(1769): note: 'sprintf' 선언을 참조하십시오.
f:\c프로젝트\db연동 2048\dd\main.c(320): warning C4244: '함수': 'time_t'에서 'unsigned int'(으)로 변환하면서 데이터가 손실될 수 있습니다.
f:\c프로젝트\db연동 2048\dd\main.c(286): warning C4996: 'getch': The POSIX name for this item is deprecated. Instead, use the ISO C and C++ conformant name: _getch. See online help for details.
  c:\program files (x86)\windows kits\10\include\10.0.14393.0\ucrt\conio.h(452): note: 'getch' 선언을 참조하십시오.
f:\c프로젝트\db연동 2048\dd\main.c(366): warning C4996: 'getch': The POSIX name for this item is deprecated. Instead, use the ISO C and C++ conformant name: _getch. See online help for details.
  c:\program files (x86)\windows kits\10\include\10.0.14393.0\ucrt\conio.h(452): note: 'getch' 선언을 참조하십시오.
f:\c프로젝트\db연동 2048\dd\main.c(280): warning C4101: 'scorere' :참조되지 않은 지역 변수입니다.
f:\c프로젝트\db연동 2048\dd\main.c(547): warning C4244: '함수': 'time_t'에서 'unsigned int'(으)로 변환하면서 데이터가 손실될 수 있습니다.
f:\c프로젝트\db연동 2048\dd\main.c(764): warning C4996: 'scanf': This function or variable may be unsafe. Consider using scanf_s instead. To disable deprecation, use _CRT_SECURE_NO_WARNINGS. See online help for details.
  c:\program files (x86)\windows kits\10\include\10.0.14393.0\ucrt\stdio.h(1269): note: 'scanf' 선언을 참조하십시오.
f:\c프로젝트\db연동 2048\dd\main.c(783): warning C4996: 'scanf': This function or variable may be unsafe. Consider using scanf_s instead. To disable deprecation, use _CRT_SECURE_NO_WARNINGS. See online help for details.
  c:\program files (x86)\windows kits\10\include\10.0.14393.0\ucrt\stdio.h(1269): note: 'scanf' 선언을 참조하십시오.
f:\c프로젝트\db연동 2048\dd\main.c(790): warning C4996: 'kbhit': The POSIX name for this item is deprecated. Instead, use the ISO C and C++ conformant name: _kbhit. See online help for details.
  c:\program files (x86)\windows kits\10\include\10.0.14393.0\ucrt\conio.h(458): note: 'kbhit' 선언을 참조하십시오.
f:\c프로젝트\db연동 2048\dd\main.c(792): warning C4996: 'getch': The POSIX name for this item is deprecated. Instead, use the ISO C and C++ conformant name: _getch. See online help for details.
  c:\program files (x86)\windows kits\10\include\10.0.14393.0\ucrt\conio.h(452): note: 'getch' 선언을 참조하십시오.
f:\c프로젝트\db연동 2048\dd\main.c(841): warning C4996: 'scanf': This function or variable may be unsafe. Consider using scanf_s instead. To disable deprecation, use _CRT_SECURE_NO_WARNINGS. See online help for details.
  c:\program files (x86)\windows kits\10\include\10.0.14393.0\ucrt\stdio.h(1269): note: 'scanf' 선언을 참조하십시오.
f:\c프로젝트\db연동 2048\dd\main.c(857): warning C4996: 'scanf': This function or variable may be unsafe. Consider using scanf_s instead. To disable deprecation, use _CRT_SECURE_NO_WARNINGS. See online help for details.
  c:\program files (x86)\windows kits\10\include\10.0.14393.0\ucrt\stdio.h(1269): note: 'scanf' 선언을 참조하십시오.
f:\c프로젝트\db연동 2048\dd\main.c(881): warning C4996: 'scanf': This function or variable may be unsafe. Consider using scanf_s instead. To disable deprecation, use _CRT_SECURE_NO_WARNINGS. See online help for details.
  c:\program files (x86)\windows kits\10\include\10.0.14393.0\ucrt\stdio.h(1269): note: 'scanf' 선언을 참조하십시오.
f:\c프로젝트\db연동 2048\dd\main.c(888): warning C4996: 'scanf': This function or variable may be unsafe. Consider using scanf_s instead. To disable deprecation, use _CRT_SECURE_NO_WARNINGS. See online help for details.
  c:\program files (x86)\windows kits\10\include\10.0.14393.0\ucrt\stdio.h(1269): note: 'scanf' 선언을 참조하십시오.
f:\c프로젝트\db연동 2048\dd\main.c(928): warning C4996: 'strcpy': This function or variable may be unsafe. Consider using strcpy_s instead. To disable deprecation, use _CRT_SECURE_NO_WARNINGS. See online help for details.
  c:\program files (x86)\windows kits\10\include\10.0.14393.0\ucrt\string.h(129): note: 'strcpy' 선언을 참조하십시오.
f:\c프로젝트\db연동 2048\dd\main.c(932): warning C4996: 'strcpy': This function or variable may be unsafe. Consider using strcpy_s instead. To disable deprecation, use _CRT_SECURE_NO_WARNINGS. See online help for details.
  c:\program files (x86)\windows kits\10\include\10.0.14393.0\ucrt\string.h(129): note: 'strcpy' 선언을 참조하십시오.
f:\c프로젝트\db연동 2048\dd\main.c(936): warning C4996: 'strcpy': This function or variable may be unsafe. Consider using strcpy_s instead. To disable deprecation, use _CRT_SECURE_NO_WARNINGS. See online help for details.
  c:\program files (x86)\windows kits\10\include\10.0.14393.0\ucrt\string.h(129): note: 'strcpy' 선언을 참조하십시오.
f:\c프로젝트\db연동 2048\dd\main.c(940): warning C4996: 'strcpy': This function or variable may be unsafe. Consider using strcpy_s instead. To disable deprecation, use _CRT_SECURE_NO_WARNINGS. See online help for details.
  c:\program files (x86)\windows kits\10\include\10.0.14393.0\ucrt\string.h(129): note: 'strcpy' 선언을 참조하십시오.
f:\c프로젝트\db연동 2048\dd\main.c(824): warning C4715: 'login': 모든 제어 경로에서 값을 반환하지는 않습니다.
f:\c프로젝트\db연동 2048\dd\main.c(865): warning C4715: 'make': 모든 제어 경로에서 값을 반환하지는 않습니다.
f:\c프로젝트\db연동 2048\dd\main.c(908): warning C4715: 'del': 모든 제어 경로에서 값을 반환하지는 않습니다.
  dd.vcxproj -> F:\C프로젝트\DB연동 2048\x64\Debug\dd.exe
  dd.vcxproj -> F:\C프로젝트\DB연동 2048\x64\Debug\dd.pdb (Partial PDB)
